[2026-03-29 13:03:11] Старт пайплайна для клиента 'artroyal_detailing' (id=1). Лог-файл: /Users/kulsinbai/PycharmProjects/analytics/analytics-etl/logs/pipeline_artroyal_detailing_20260329_130311.log
[2026-03-29 13:03:11] Артефакты будут писаться в: /Users/kulsinbai/PycharmProjects/analytics/analytics-etl/var/data/artroyal_detailing
[2026-03-29 13:03:11] ##### Запуск пайплайна лидов для клиента: artroyal_detailing (id=1) #####
[2026-03-29 13:03:11] Контекст клиента (leads):
[2026-03-29 13:03:11] - client_slug=artroyal_detailing
[2026-03-29 13:03:11] - client_id=1
[2026-03-29 13:03:11] - leads_json=/Users/kulsinbai/PycharmProjects/analytics/analytics-etl/var/data/artroyal_detailing/add_leads_crm.json
[2026-03-29 13:03:11] - leads_with_client_json=/Users/kulsinbai/PycharmProjects/analytics/analytics-etl/var/data/artroyal_detailing/add_leads_crm_with_client.json
[2026-03-29 13:03:11] - leads_csv=/Users/kulsinbai/PycharmProjects/analytics/analytics-etl/var/data/artroyal_detailing/add_leads_crm_flat_datalens.csv
[2026-03-29 13:03:11] === START: Лиды: шаг 1/4 — выгрузка лидов из amoCRM ===
[2026-03-29 13:03:11] Команда: scripts/amocrm_export_leads.py --client-slug artroyal_detailing --out /Users/kulsinbai/PycharmProjects/analytics/analytics-etl/var/data/artroyal_detailing/add_leads_crm.json
[2026-03-29 13:03:11] [stderr] Traceback (most recent call last):
[2026-03-29 13:03:11] [stderr]   File "/Users/kulsinbai/PycharmProjects/analytics/analytics-etl/scripts/amocrm_export_leads.py", line 47, in <module>
[2026-03-29 13:03:11] [stderr]     main()
[2026-03-29 13:03:11] [stderr]     ~~~~^^
[2026-03-29 13:03:11] [stderr]   File "/Users/kulsinbai/PycharmProjects/analytics/analytics-etl/scripts/amocrm_export_leads.py", line 26, in main
[2026-03-29 13:03:11] [stderr]     account_domain, access_token = get_valid_access_token(client_slug)
[2026-03-29 13:03:11] [stderr]                                    ~~~~~~~~~~~~~~~~~~~~~~^^^^^^^^^^^^^
[2026-03-29 13:03:11] [stderr]   File "/Users/kulsinbai/PycharmProjects/analytics/analytics-etl/scripts/amocrm_client.py", line 325, in get_valid_access_token
[2026-03-29 13:03:11] [stderr]     return _get_valid_access_token_postgres(client_slug)
[2026-03-29 13:03:11] [stderr]   File "/Users/kulsinbai/PycharmProjects/analytics/analytics-etl/scripts/amocrm_client.py", line 231, in _get_valid_access_token_postgres
[2026-03-29 13:03:11] [stderr]     new_tokens = post_json(url, payload)
[2026-03-29 13:03:11] [stderr]   File "/Users/kulsinbai/PycharmProjects/analytics/analytics-etl/scripts/amocrm_client.py", line 87, in post_json
[2026-03-29 13:03:11] [stderr]     req = urllib.request.Request(
[2026-03-29 13:03:11] [stderr]         url=url,
[2026-03-29 13:03:11] [stderr]     ...<2 lines>...
[2026-03-29 13:03:11] [stderr]         method="POST",
[2026-03-29 13:03:11] [stderr]     )
[2026-03-29 13:03:11] [stderr]   File "/Library/Frameworks/Python.framework/Versions/3.14/lib/python3.14/urllib/request.py", line 290, in __init__
[2026-03-29 13:03:11] [stderr]     self.full_url = url
[2026-03-29 13:03:11] [stderr]     ^^^^^^^^^^^^^
[2026-03-29 13:03:11] [stderr]   File "/Library/Frameworks/Python.framework/Versions/3.14/lib/python3.14/urllib/request.py", line 316, in full_url
[2026-03-29 13:03:11] [stderr]     self._parse()
[2026-03-29 13:03:11] [stderr]     ~~~~~~~~~~~^^
[2026-03-29 13:03:11] [stderr]   File "/Library/Frameworks/Python.framework/Versions/3.14/lib/python3.14/urllib/request.py", line 345, in _parse
[2026-03-29 13:03:11] [stderr]     raise ValueError("unknown url type: %r" % self.full_url)
[2026-03-29 13:03:11] [stderr] ValueError: unknown url type: 'artroyaldetailing.amocrm.ru/oauth2/access_token'
[2026-03-29 13:03:11] ✖ Шаг 'Лиды: шаг 1/4 — выгрузка лидов из amoCRM' завершился с ошибкой, код=1, время=0.1 c
[2026-03-29 13:03:11] ✖ Пайплайн завершился с ошибкой: Step failed: Лиды: шаг 1/4 — выгрузка лидов из amoCRM
[2026-03-29 13:03:11] Итоговое время выполнения (c ошибкой): 0.1 c
