[2026-03-29 14:21:03] Старт пайплайна для клиента 'artroyal_detailing' (id=1). Лог-файл: /Users/kulsinbai/PycharmProjects/analytics/analytics-etl/logs/pipeline_artroyal_detailing_20260329_142103.log
[2026-03-29 14:21:03] Артефакты будут писаться в: /Users/kulsinbai/PycharmProjects/analytics/analytics-etl/var/data/artroyal_detailing
[2026-03-29 14:21:03] ##### Запуск пайплайна лидов для клиента: artroyal_detailing (id=1) #####
[2026-03-29 14:21:03] Контекст клиента (leads):
[2026-03-29 14:21:03] - client_slug=artroyal_detailing
[2026-03-29 14:21:03] - client_id=1
[2026-03-29 14:21:03] - leads_json=/Users/kulsinbai/PycharmProjects/analytics/analytics-etl/var/data/artroyal_detailing/add_leads_crm.json
[2026-03-29 14:21:03] - leads_with_client_json=/Users/kulsinbai/PycharmProjects/analytics/analytics-etl/var/data/artroyal_detailing/add_leads_crm_with_client.json
[2026-03-29 14:21:03] - leads_csv=/Users/kulsinbai/PycharmProjects/analytics/analytics-etl/var/data/artroyal_detailing/add_leads_crm_flat_datalens.csv
[2026-03-29 14:21:03] Режим полной выгрузки лидов (--leads-full-refresh): filter[updated_at] не используется.
[2026-03-29 14:21:03] === START: Лиды: шаг 1/4 — выгрузка лидов из amoCRM ===
[2026-03-29 14:21:03] Команда: scripts/amocrm_export_leads.py --client-slug artroyal_detailing --out /Users/kulsinbai/PycharmProjects/analytics/analytics-etl/var/data/artroyal_detailing/add_leads_crm.json
[2026-03-29 14:22:07] [stdout] Готово. Режим: full. Лидов выгружено: 8029
[2026-03-29 14:22:07] [stdout] Файл: /Users/kulsinbai/PycharmProjects/analytics/analytics-etl/var/data/artroyal_detailing/add_leads_crm.json
[2026-03-29 14:22:07] ✔ Шаг 'Лиды: шаг 1/4 — выгрузка лидов из amoCRM' успешно выполнен за 63.9 c
[2026-03-29 14:22:07] JSON 'add_leads_crm.json': найдено лидов = 8029
[2026-03-29 14:22:07] === START: Лиды: шаг 2/4 — добавление client_id/client_slug в JSON ===
[2026-03-29 14:22:07] Команда: scripts/add_client_id.py --client-slug artroyal_detailing --in /Users/kulsinbai/PycharmProjects/analytics/analytics-etl/var/data/artroyal_detailing/add_leads_crm.json --out /Users/kulsinbai/PycharmProjects/analytics/analytics-etl/var/data/artroyal_detailing/add_leads_crm_with_client.json
[2026-03-29 14:22:08] [stdout] OK. Файл сохранён: /Users/kulsinbai/PycharmProjects/analytics/analytics-etl/var/data/artroyal_detailing/add_leads_crm_with_client.json
[2026-03-29 14:22:08] [stdout] client_id = 1 | client_slug = artroyal_detailing
[2026-03-29 14:22:08] [stdout] Записей обработано: 8029
[2026-03-29 14:22:08] ✔ Шаг 'Лиды: шаг 2/4 — добавление client_id/client_slug в JSON' успешно выполнен за 0.4 c
[2026-03-29 14:22:08] JSON 'add_leads_crm_with_client.json': найдено лидов = 8029
[2026-03-29 14:22:08] === START: Лиды: шаг 3/4 — преобразование JSON в плоский CSV для отчётности ===
[2026-03-29 14:22:08] Команда: scripts/leads_json_to_datalens_csv.py --client-slug artroyal_detailing --in /Users/kulsinbai/PycharmProjects/analytics/analytics-etl/var/data/artroyal_detailing/add_leads_crm_with_client.json --out /Users/kulsinbai/PycharmProjects/analytics/analytics-etl/var/data/artroyal_detailing/add_leads_crm_flat_datalens.csv
[2026-03-29 14:22:08] [stdout] Готово. CSV сохранён: /Users/kulsinbai/PycharmProjects/analytics/analytics-etl/var/data/artroyal_detailing/add_leads_crm_flat_datalens.csv
[2026-03-29 14:22:08] [stdout] Лидов выгружено: 8029
[2026-03-29 14:22:08] ✔ Шаг 'Лиды: шаг 3/4 — преобразование JSON в плоский CSV для отчётности' успешно выполнен за 0.4 c
[2026-03-29 14:22:08] CSV 'add_leads_crm_flat_datalens.csv': строк данных (без заголовка) = 8029
[2026-03-29 14:22:08] === START: Лиды: шаг 4/4 — загрузка CSV в ClickHouse ===
[2026-03-29 14:22:08] Команда: scripts/load_leads_csv_to_clickhouse.py --client-slug artroyal_detailing --csv-path /Users/kulsinbai/PycharmProjects/analytics/analytics-etl/var/data/artroyal_detailing/add_leads_crm_flat_datalens.csv
[2026-03-29 14:22:10] [stdout] OK. Inserted rows: 8029
[2026-03-29 14:22:10] [stdout] Client: 1 | slug: artroyal_detailing
[2026-03-29 14:22:10] ✔ Шаг 'Лиды: шаг 4/4 — загрузка CSV в ClickHouse' успешно выполнен за 2.3 c
[2026-03-29 14:22:10] Watermark лидов обновлён: max(updated_dt)=2026-03-29T09:06:31+00:00
[2026-03-29 14:22:10] ##### Пайплайн лидов для artroyal_detailing (id=1) завершён успешно #####
[2026-03-29 14:22:10] ✔ Пайплайн успешно завершён. Общее время выполнения: 67.2 c
