[2026-03-29 13:39:12] Старт пайплайна для клиента 'artroyal_detailing' (id=1). Лог-файл: /Users/kulsinbai/PycharmProjects/analytics/analytics-etl/logs/pipeline_artroyal_detailing_20260329_133912.log
[2026-03-29 13:39:12] Артефакты будут писаться в: /Users/kulsinbai/PycharmProjects/analytics/analytics-etl/var/data/artroyal_detailing
[2026-03-29 13:39:12] ##### Запуск пайплайна лидов для клиента: artroyal_detailing (id=1) #####
[2026-03-29 13:39:12] Контекст клиента (leads):
[2026-03-29 13:39:12] - client_slug=artroyal_detailing
[2026-03-29 13:39:12] - client_id=1
[2026-03-29 13:39:12] - leads_json=/Users/kulsinbai/PycharmProjects/analytics/analytics-etl/var/data/artroyal_detailing/add_leads_crm.json
[2026-03-29 13:39:12] - leads_with_client_json=/Users/kulsinbai/PycharmProjects/analytics/analytics-etl/var/data/artroyal_detailing/add_leads_crm_with_client.json
[2026-03-29 13:39:12] - leads_csv=/Users/kulsinbai/PycharmProjects/analytics/analytics-etl/var/data/artroyal_detailing/add_leads_crm_flat_datalens.csv
[2026-03-29 13:39:12] === START: Лиды: шаг 1/4 — выгрузка лидов из amoCRM ===
[2026-03-29 13:39:12] Команда: scripts/amocrm_export_leads.py --client-slug artroyal_detailing --out /Users/kulsinbai/PycharmProjects/analytics/analytics-etl/var/data/artroyal_detailing/add_leads_crm.json
[2026-03-29 13:40:33] [stdout] Готово. Лидов выгружено: 8029
[2026-03-29 13:40:33] [stdout] Файл: /Users/kulsinbai/PycharmProjects/analytics/analytics-etl/var/data/artroyal_detailing/add_leads_crm.json
[2026-03-29 13:40:33] ✔ Шаг 'Лиды: шаг 1/4 — выгрузка лидов из amoCRM' успешно выполнен за 80.8 c
[2026-03-29 13:40:33] JSON 'add_leads_crm.json': найдено лидов = 8029
[2026-03-29 13:40:33] === START: Лиды: шаг 2/4 — добавление client_id/client_slug в JSON ===
[2026-03-29 13:40:33] Команда: scripts/add_client_id.py --client-slug artroyal_detailing --in /Users/kulsinbai/PycharmProjects/analytics/analytics-etl/var/data/artroyal_detailing/add_leads_crm.json --out /Users/kulsinbai/PycharmProjects/analytics/analytics-etl/var/data/artroyal_detailing/add_leads_crm_with_client.json
[2026-03-29 13:40:33] [stdout] OK. Файл сохранён: /Users/kulsinbai/PycharmProjects/analytics/analytics-etl/var/data/artroyal_detailing/add_leads_crm_with_client.json
[2026-03-29 13:40:33] [stdout] client_id = 1 | client_slug = artroyal_detailing
[2026-03-29 13:40:33] [stdout] Записей обработано: 8029
[2026-03-29 13:40:33] ✔ Шаг 'Лиды: шаг 2/4 — добавление client_id/client_slug в JSON' успешно выполнен за 0.4 c
[2026-03-29 13:40:34] JSON 'add_leads_crm_with_client.json': найдено лидов = 8029
[2026-03-29 13:40:34] === START: Лиды: шаг 3/4 — преобразование JSON в плоский CSV для отчётности ===
[2026-03-29 13:40:34] Команда: scripts/leads_json_to_datalens_csv.py --client-slug artroyal_detailing --in /Users/kulsinbai/PycharmProjects/analytics/analytics-etl/var/data/artroyal_detailing/add_leads_crm_with_client.json --out /Users/kulsinbai/PycharmProjects/analytics/analytics-etl/var/data/artroyal_detailing/add_leads_crm_flat_datalens.csv
[2026-03-29 13:40:34] [stdout] Готово. CSV сохранён: /Users/kulsinbai/PycharmProjects/analytics/analytics-etl/var/data/artroyal_detailing/add_leads_crm_flat_datalens.csv
[2026-03-29 13:40:34] [stdout] Лидов выгружено: 8029
[2026-03-29 13:40:34] ✔ Шаг 'Лиды: шаг 3/4 — преобразование JSON в плоский CSV для отчётности' успешно выполнен за 0.4 c
[2026-03-29 13:40:34] CSV 'add_leads_crm_flat_datalens.csv': строк данных (без заголовка) = 8029
[2026-03-29 13:40:34] === START: Лиды: шаг 4/4 — загрузка CSV в ClickHouse ===
[2026-03-29 13:40:34] Команда: scripts/load_leads_csv_to_clickhouse.py --client-slug artroyal_detailing --csv-path /Users/kulsinbai/PycharmProjects/analytics/analytics-etl/var/data/artroyal_detailing/add_leads_crm_flat_datalens.csv
[2026-03-29 13:40:40] [stdout] OK. Inserted rows: 8029
[2026-03-29 13:40:40] [stdout] Client: 1 | slug: artroyal_detailing
[2026-03-29 13:40:40] ✔ Шаг 'Лиды: шаг 4/4 — загрузка CSV в ClickHouse' успешно выполнен за 6.1 c
[2026-03-29 13:40:40] ##### Пайплайн лидов для artroyal_detailing (id=1) завершён успешно #####
[2026-03-29 13:40:40] ✔ Пайплайн успешно завершён. Общее время выполнения: 87.8 c
