[2026-03-29 11:56:57] Старт пайплайна для клиента 'artroyal_detailing' (id=1). Лог-файл: /Users/kulsinbai/PycharmProjects/analytics/analytics-etl/logs/pipeline_artroyal_detailing_20260329_115657.log
[2026-03-29 11:56:57] Артефакты будут писаться в: /Users/kulsinbai/PycharmProjects/analytics/analytics-etl/var/data/artroyal_detailing
[2026-03-29 11:56:57] ##### Запуск пайплайна справочников для клиента: artroyal_detailing (id=1) #####
[2026-03-29 11:56:57] Контекст клиента (dims):
[2026-03-29 11:56:57] - client_slug=artroyal_detailing
[2026-03-29 11:56:57] - client_id=1
[2026-03-29 11:56:57] - loss_csv=/Users/kulsinbai/PycharmProjects/analytics/analytics-etl/var/data/artroyal_detailing/loss_reasons.csv
[2026-03-29 11:56:57] - statuses_csv=/Users/kulsinbai/PycharmProjects/analytics/analytics-etl/var/data/artroyal_detailing/pipelines_statuses_dim.csv
[2026-03-29 11:56:57] === START: Справочники: шаг 1/4 — выгрузка причин потерь из amoCRM ===
[2026-03-29 11:56:57] Команда: scripts/export_loss_reasons.py --client-slug artroyal_detailing --out /Users/kulsinbai/PycharmProjects/analytics/analytics-etl/var/data/artroyal_detailing/loss_reasons.csv
[2026-03-29 11:56:58] [stdout] CSV выгружен: /Users/kulsinbai/PycharmProjects/analytics/analytics-etl/var/data/artroyal_detailing/loss_reasons.csv
[2026-03-29 11:56:58] [stdout] Записей: 8
[2026-03-29 11:56:58] ✔ Шаг 'Справочники: шаг 1/4 — выгрузка причин потерь из amoCRM' успешно выполнен за 0.8 c
[2026-03-29 11:56:58] CSV 'loss_reasons.csv': строк данных (без заголовка) = 8
[2026-03-29 11:56:58] === START: Справочники: шаг 2/4 — загрузка loss_reasons в ClickHouse ===
[2026-03-29 11:56:58] Команда: scripts/load_loss_reasons_dim_to_clickhouse.py --client-slug artroyal_detailing --csv-path /Users/kulsinbai/PycharmProjects/analytics/analytics-etl/var/data/artroyal_detailing/loss_reasons.csv
[2026-03-29 11:56:59] [stdout] OK. Inserted 8 rows into default_db.loss_reasons_dim_v2 for client_id=1
[2026-03-29 11:56:59] ✔ Шаг 'Справочники: шаг 2/4 — загрузка loss_reasons в ClickHouse' успешно выполнен за 1.5 c
[2026-03-29 11:56:59] === START: Справочники: шаг 3/4 — выгрузка статусов по пайплайнам из amoCRM ===
[2026-03-29 11:56:59] Команда: scripts/amocrm_get_statuses_dim.py --client-slug artroyal_detailing --out /Users/kulsinbai/PycharmProjects/analytics/analytics-etl/var/data/artroyal_detailing/pipelines_statuses_dim.csv
[2026-03-29 11:57:00] [stdout] Готово: /Users/kulsinbai/PycharmProjects/analytics/analytics-etl/var/data/artroyal_detailing/pipelines_statuses_dim.csv строк: 16
[2026-03-29 11:57:00] ✔ Шаг 'Справочники: шаг 3/4 — выгрузка статусов по пайплайнам из amoCRM' успешно выполнен за 1.0 c
[2026-03-29 11:57:00] CSV 'pipelines_statuses_dim.csv': строк данных (без заголовка) = 16
[2026-03-29 11:57:00] === START: Справочники: шаг 4/4 — загрузка статусов в ClickHouse ===
[2026-03-29 11:57:00] Команда: scripts/load_statuses_dim_to_clickhouse.py --client-slug artroyal_detailing --csv-path /Users/kulsinbai/PycharmProjects/analytics/analytics-etl/var/data/artroyal_detailing/pipelines_statuses_dim.csv
[2026-03-29 11:57:02] [stdout] OK. Inserted 16 rows into default_db.statuses_dim_v2 for client_id=1
[2026-03-29 11:57:02] ✔ Шаг 'Справочники: шаг 4/4 — загрузка статусов в ClickHouse' успешно выполнен за 2.0 c
[2026-03-29 11:57:02] ##### Пайплайн справочников для artroyal_detailing (id=1) завершён успешно #####
[2026-03-29 11:57:02] ✔ Пайплайн успешно завершён. Общее время выполнения: 5.4 c
