[2026-03-29 11:57:09] Старт пайплайна для клиента 'artroyal_detailing' (id=1). Лог-файл: /Users/kulsinbai/PycharmProjects/analytics/analytics-etl/logs/pipeline_artroyal_detailing_20260329_115709.log
[2026-03-29 11:57:09] Артефакты будут писаться в: /Users/kulsinbai/PycharmProjects/analytics/analytics-etl/var/data/artroyal_detailing
[2026-03-29 11:57:09] ##### Запуск пайплайна справочников для клиента: artroyal_detailing (id=1) #####
[2026-03-29 11:57:09] Контекст клиента (dims):
[2026-03-29 11:57:09] - client_slug=artroyal_detailing
[2026-03-29 11:57:09] - client_id=1
[2026-03-29 11:57:09] - loss_csv=/Users/kulsinbai/PycharmProjects/analytics/analytics-etl/var/data/artroyal_detailing/loss_reasons.csv
[2026-03-29 11:57:09] - statuses_csv=/Users/kulsinbai/PycharmProjects/analytics/analytics-etl/var/data/artroyal_detailing/pipelines_statuses_dim.csv
[2026-03-29 11:57:09] === START: Справочники: шаг 1/4 — выгрузка причин потерь из amoCRM ===
[2026-03-29 11:57:09] Команда: scripts/export_loss_reasons.py --client-slug artroyal_detailing --out /Users/kulsinbai/PycharmProjects/analytics/analytics-etl/var/data/artroyal_detailing/loss_reasons.csv
[2026-03-29 11:57:11] [stdout] CSV выгружен: /Users/kulsinbai/PycharmProjects/analytics/analytics-etl/var/data/artroyal_detailing/loss_reasons.csv
[2026-03-29 11:57:11] [stdout] Записей: 8
[2026-03-29 11:57:11] ✔ Шаг 'Справочники: шаг 1/4 — выгрузка причин потерь из amoCRM' успешно выполнен за 1.6 c
[2026-03-29 11:57:11] CSV 'loss_reasons.csv': строк данных (без заголовка) = 8
[2026-03-29 11:57:11] === START: Справочники: шаг 2/4 — загрузка loss_reasons в ClickHouse ===
[2026-03-29 11:57:11] Команда: scripts/load_loss_reasons_dim_to_clickhouse.py --client-slug artroyal_detailing --csv-path /Users/kulsinbai/PycharmProjects/analytics/analytics-etl/var/data/artroyal_detailing/loss_reasons.csv
[2026-03-29 11:57:13] [stdout] OK. Inserted 8 rows into default_db.loss_reasons_dim_v2 for client_id=1
[2026-03-29 11:57:13] ✔ Шаг 'Справочники: шаг 2/4 — загрузка loss_reasons в ClickHouse' успешно выполнен за 2.2 c
[2026-03-29 11:57:13] === START: Справочники: шаг 3/4 — выгрузка статусов по пайплайнам из amoCRM ===
[2026-03-29 11:57:13] Команда: scripts/amocrm_get_statuses_dim.py --client-slug artroyal_detailing --out /Users/kulsinbai/PycharmProjects/analytics/analytics-etl/var/data/artroyal_detailing/pipelines_statuses_dim.csv
[2026-03-29 11:57:14] [stdout] Готово: /Users/kulsinbai/PycharmProjects/analytics/analytics-etl/var/data/artroyal_detailing/pipelines_statuses_dim.csv строк: 16
[2026-03-29 11:57:14] ✔ Шаг 'Справочники: шаг 3/4 — выгрузка статусов по пайплайнам из amoCRM' успешно выполнен за 0.9 c
[2026-03-29 11:57:14] CSV 'pipelines_statuses_dim.csv': строк данных (без заголовка) = 16
[2026-03-29 11:57:14] === START: Справочники: шаг 4/4 — загрузка статусов в ClickHouse ===
[2026-03-29 11:57:14] Команда: scripts/load_statuses_dim_to_clickhouse.py --client-slug artroyal_detailing --csv-path /Users/kulsinbai/PycharmProjects/analytics/analytics-etl/var/data/artroyal_detailing/pipelines_statuses_dim.csv
[2026-03-29 11:57:17] [stdout] OK. Inserted 16 rows into default_db.statuses_dim_v2 for client_id=1
[2026-03-29 11:57:17] ✔ Шаг 'Справочники: шаг 4/4 — загрузка статусов в ClickHouse' успешно выполнен за 3.4 c
[2026-03-29 11:57:17] ##### Пайплайн справочников для artroyal_detailing (id=1) завершён успешно #####
[2026-03-29 11:57:17] ##### Запуск пайплайна лидов для клиента: artroyal_detailing (id=1) #####
[2026-03-29 11:57:17] Контекст клиента (leads):
[2026-03-29 11:57:17] - client_slug=artroyal_detailing
[2026-03-29 11:57:17] - client_id=1
[2026-03-29 11:57:17] - leads_json=/Users/kulsinbai/PycharmProjects/analytics/analytics-etl/var/data/artroyal_detailing/add_leads_crm.json
[2026-03-29 11:57:17] - leads_with_client_json=/Users/kulsinbai/PycharmProjects/analytics/analytics-etl/var/data/artroyal_detailing/add_leads_crm_with_client.json
[2026-03-29 11:57:17] - leads_csv=/Users/kulsinbai/PycharmProjects/analytics/analytics-etl/var/data/artroyal_detailing/add_leads_crm_flat_datalens.csv
[2026-03-29 11:57:17] === START: Лиды: шаг 1/4 — выгрузка лидов из amoCRM ===
[2026-03-29 11:57:17] Команда: scripts/amocrm_export_leads.py --client-slug artroyal_detailing --out /Users/kulsinbai/PycharmProjects/analytics/analytics-etl/var/data/artroyal_detailing/add_leads_crm.json
[2026-03-29 11:58:16] [stdout] Готово. Лидов выгружено: 8018
[2026-03-29 11:58:16] [stdout] Файл: /Users/kulsinbai/PycharmProjects/analytics/analytics-etl/var/data/artroyal_detailing/add_leads_crm.json
[2026-03-29 11:58:16] ✔ Шаг 'Лиды: шаг 1/4 — выгрузка лидов из amoCRM' успешно выполнен за 58.7 c
[2026-03-29 11:58:16] JSON 'add_leads_crm.json': найдено лидов = 8018
[2026-03-29 11:58:16] === START: Лиды: шаг 2/4 — добавление client_id/client_slug в JSON ===
[2026-03-29 11:58:16] Команда: scripts/add_client_id.py --client-slug artroyal_detailing --in /Users/kulsinbai/PycharmProjects/analytics/analytics-etl/var/data/artroyal_detailing/add_leads_crm.json --out /Users/kulsinbai/PycharmProjects/analytics/analytics-etl/var/data/artroyal_detailing/add_leads_crm_with_client.json
[2026-03-29 11:58:16] [stdout] OK. Файл сохранён: /Users/kulsinbai/PycharmProjects/analytics/analytics-etl/var/data/artroyal_detailing/add_leads_crm_with_client.json
[2026-03-29 11:58:16] [stdout] client_id = 1 | client_slug = artroyal_detailing
[2026-03-29 11:58:16] [stdout] Записей обработано: 8018
[2026-03-29 11:58:16] ✔ Шаг 'Лиды: шаг 2/4 — добавление client_id/client_slug в JSON' успешно выполнен за 0.4 c
[2026-03-29 11:58:16] JSON 'add_leads_crm_with_client.json': найдено лидов = 8018
[2026-03-29 11:58:16] === START: Лиды: шаг 3/4 — преобразование JSON в плоский CSV для отчётности ===
[2026-03-29 11:58:16] Команда: scripts/leads_json_to_datalens_csv.py --client-slug artroyal_detailing --in /Users/kulsinbai/PycharmProjects/analytics/analytics-etl/var/data/artroyal_detailing/add_leads_crm_with_client.json --out /Users/kulsinbai/PycharmProjects/analytics/analytics-etl/var/data/artroyal_detailing/add_leads_crm_flat_datalens.csv
[2026-03-29 11:58:17] [stdout] Готово. CSV сохранён: /Users/kulsinbai/PycharmProjects/analytics/analytics-etl/var/data/artroyal_detailing/add_leads_crm_flat_datalens.csv
[2026-03-29 11:58:17] [stdout] Лидов выгружено: 8018
[2026-03-29 11:58:17] ✔ Шаг 'Лиды: шаг 3/4 — преобразование JSON в плоский CSV для отчётности' успешно выполнен за 0.5 c
[2026-03-29 11:58:17] CSV 'add_leads_crm_flat_datalens.csv': строк данных (без заголовка) = 8018
[2026-03-29 11:58:17] === START: Лиды: шаг 4/4 — загрузка CSV в ClickHouse ===
[2026-03-29 11:58:17] Команда: scripts/load_leads_csv_to_clickhouse.py --client-slug artroyal_detailing --csv-path /Users/kulsinbai/PycharmProjects/analytics/analytics-etl/var/data/artroyal_detailing/add_leads_crm_flat_datalens.csv
[2026-03-29 11:58:20] [stdout] OK. Inserted rows: 8018
[2026-03-29 11:58:20] [stdout] Client: 1 | slug: artroyal_detailing
[2026-03-29 11:58:20] ✔ Шаг 'Лиды: шаг 4/4 — загрузка CSV в ClickHouse' успешно выполнен за 3.0 c
[2026-03-29 11:58:20] ##### Пайплайн лидов для artroyal_detailing (id=1) завершён успешно #####
[2026-03-29 11:58:20] ✔ Пайплайн успешно завершён. Общее время выполнения: 70.8 c
