[2026-03-29 11:38:28] Старт пайплайна для клиента 'artroyal_detailing' (id=1). Лог-файл: /Users/kulsinbai/PycharmProjects/analytics/analytics-etl/logs/pipeline_artroyal_detailing_20260329_113828.log
[2026-03-29 11:38:28] Артефакты будут писаться в: /Users/kulsinbai/PycharmProjects/analytics/analytics-etl/var/data/artroyal_detailing
[2026-03-29 11:38:28] ##### Запуск пайплайна лидов для клиента: artroyal_detailing (id=1) #####
[2026-03-29 11:38:28] Контекст клиента (leads):
[2026-03-29 11:38:28] - client_slug=artroyal_detailing
[2026-03-29 11:38:28] - client_id=1
[2026-03-29 11:38:28] - leads_json=/Users/kulsinbai/PycharmProjects/analytics/analytics-etl/var/data/artroyal_detailing/add_leads_crm.json
[2026-03-29 11:38:28] - leads_with_client_json=/Users/kulsinbai/PycharmProjects/analytics/analytics-etl/var/data/artroyal_detailing/add_leads_crm_with_client.json
[2026-03-29 11:38:28] - leads_csv=/Users/kulsinbai/PycharmProjects/analytics/analytics-etl/var/data/artroyal_detailing/add_leads_crm_flat_datalens.csv
[2026-03-29 11:38:28] === START: Лиды: шаг 1/4 — выгрузка лидов из amoCRM ===
[2026-03-29 11:38:28] Команда: scripts/amocrm_export_leads.py --client-slug artroyal_detailing --out /Users/kulsinbai/PycharmProjects/analytics/analytics-etl/var/data/artroyal_detailing/add_leads_crm.json
[2026-03-29 11:39:18] [stdout] Готово. Лидов выгружено: 8018
[2026-03-29 11:39:18] [stdout] Файл: /Users/kulsinbai/PycharmProjects/analytics/analytics-etl/var/data/artroyal_detailing/add_leads_crm.json
[2026-03-29 11:39:18] ✔ Шаг 'Лиды: шаг 1/4 — выгрузка лидов из amoCRM' успешно выполнен за 50.3 c
[2026-03-29 11:39:18] JSON 'add_leads_crm.json': найдено лидов = 8018
[2026-03-29 11:39:18] === START: Лиды: шаг 2/4 — добавление client_id/client_slug в JSON ===
[2026-03-29 11:39:18] Команда: scripts/add_client_id.py --client-slug artroyal_detailing --in /Users/kulsinbai/PycharmProjects/analytics/analytics-etl/var/data/artroyal_detailing/add_leads_crm.json --out /Users/kulsinbai/PycharmProjects/analytics/analytics-etl/var/data/artroyal_detailing/add_leads_crm_with_client.json
[2026-03-29 11:39:19] [stdout] OK. Файл сохранён: /Users/kulsinbai/PycharmProjects/analytics/analytics-etl/var/data/artroyal_detailing/add_leads_crm_with_client.json
[2026-03-29 11:39:19] [stdout] client_id = 1 | client_slug = artroyal_detailing
[2026-03-29 11:39:19] [stdout] Записей обработано: 8018
[2026-03-29 11:39:19] ✔ Шаг 'Лиды: шаг 2/4 — добавление client_id/client_slug в JSON' успешно выполнен за 0.4 c
[2026-03-29 11:39:19] JSON 'add_leads_crm_with_client.json': найдено лидов = 8018
[2026-03-29 11:39:19] === START: Лиды: шаг 3/4 — преобразование JSON в плоский CSV для отчётности ===
[2026-03-29 11:39:19] Команда: scripts/leads_json_to_datalens_csv.py --client-slug artroyal_detailing --in /Users/kulsinbai/PycharmProjects/analytics/analytics-etl/var/data/artroyal_detailing/add_leads_crm_with_client.json --out /Users/kulsinbai/PycharmProjects/analytics/analytics-etl/var/data/artroyal_detailing/add_leads_crm_flat_datalens.csv
[2026-03-29 11:39:19] [stdout] Готово. CSV сохранён: /Users/kulsinbai/PycharmProjects/analytics/analytics-etl/var/data/artroyal_detailing/add_leads_crm_flat_datalens.csv
[2026-03-29 11:39:19] [stdout] Лидов выгружено: 8018
[2026-03-29 11:39:19] ✔ Шаг 'Лиды: шаг 3/4 — преобразование JSON в плоский CSV для отчётности' успешно выполнен за 0.4 c
[2026-03-29 11:39:19] CSV 'add_leads_crm_flat_datalens.csv': строк данных (без заголовка) = 8018
[2026-03-29 11:39:19] === START: Лиды: шаг 4/4 — загрузка CSV в ClickHouse ===
[2026-03-29 11:39:19] Команда: scripts/load_leads_csv_to_clickhouse.py --client-slug artroyal_detailing --csv-path /Users/kulsinbai/PycharmProjects/analytics/analytics-etl/var/data/artroyal_detailing/add_leads_crm_flat_datalens.csv
[2026-03-29 11:39:20] [stderr] Traceback (most recent call last):
[2026-03-29 11:39:20] [stderr]   File "/Users/kulsinbai/PycharmProjects/analytics/analytics-etl/scripts/load_leads_csv_to_clickhouse.py", line 243, in <module>
[2026-03-29 11:39:20] [stderr]     main()
[2026-03-29 11:39:20] [stderr]     ~~~~^^
[2026-03-29 11:39:20] [stderr]   File "/Users/kulsinbai/PycharmProjects/analytics/analytics-etl/scripts/load_leads_csv_to_clickhouse.py", line 159, in main
[2026-03-29 11:39:20] [stderr]     client, db = _clickhouse_client()
[2026-03-29 11:39:20] [stderr]                  ~~~~~~~~~~~~~~~~~~^^
[2026-03-29 11:39:20] [stderr]   File "/Users/kulsinbai/PycharmProjects/analytics/analytics-etl/scripts/load_leads_csv_to_clickhouse.py", line 94, in _clickhouse_client
[2026-03-29 11:39:20] [stderr]     host = _env_required("CLICKHOUSE_HOST")
[2026-03-29 11:39:20] [stderr]   File "/Users/kulsinbai/PycharmProjects/analytics/analytics-etl/scripts/load_leads_csv_to_clickhouse.py", line 89, in _env_required
[2026-03-29 11:39:20] [stderr]     raise ValueError(f"Не задан env {name} (обязателен).")
[2026-03-29 11:39:20] [stderr] ValueError: Не задан env CLICKHOUSE_HOST (обязателен).
[2026-03-29 11:39:20] ✖ Шаг 'Лиды: шаг 4/4 — загрузка CSV в ClickHouse' завершился с ошибкой, код=1, время=0.4 c
[2026-03-29 11:39:20] ✖ Пайплайн завершился с ошибкой: Step failed: Лиды: шаг 4/4 — загрузка CSV в ClickHouse
[2026-03-29 11:39:20] Итоговое время выполнения (c ошибкой): 51.6 c
