[2026-03-29 12:34:55] Старт пайплайна для клиента 'artroyal_detailing' (id=1). Лог-файл: /Users/kulsinbai/PycharmProjects/analytics/analytics-etl/logs/pipeline_artroyal_detailing_20260329_123455.log
[2026-03-29 12:34:55] Артефакты будут писаться в: /Users/kulsinbai/PycharmProjects/analytics/analytics-etl/var/data/artroyal_detailing
[2026-03-29 12:34:55] ##### Запуск пайплайна лидов для клиента: artroyal_detailing (id=1) #####
[2026-03-29 12:34:55] Контекст клиента (leads):
[2026-03-29 12:34:55] - client_slug=artroyal_detailing
[2026-03-29 12:34:55] - client_id=1
[2026-03-29 12:34:55] - leads_json=/Users/kulsinbai/PycharmProjects/analytics/analytics-etl/var/data/artroyal_detailing/add_leads_crm.json
[2026-03-29 12:34:55] - leads_with_client_json=/Users/kulsinbai/PycharmProjects/analytics/analytics-etl/var/data/artroyal_detailing/add_leads_crm_with_client.json
[2026-03-29 12:34:55] - leads_csv=/Users/kulsinbai/PycharmProjects/analytics/analytics-etl/var/data/artroyal_detailing/add_leads_crm_flat_datalens.csv
[2026-03-29 12:34:55] === START: Лиды: шаг 1/4 — выгрузка лидов из amoCRM ===
[2026-03-29 12:34:55] Команда: scripts/amocrm_export_leads.py --client-slug artroyal_detailing --out /Users/kulsinbai/PycharmProjects/analytics/analytics-etl/var/data/artroyal_detailing/add_leads_crm.json
[2026-03-29 12:35:55] [stdout] Готово. Лидов выгружено: 8022
[2026-03-29 12:35:55] [stdout] Файл: /Users/kulsinbai/PycharmProjects/analytics/analytics-etl/var/data/artroyal_detailing/add_leads_crm.json
[2026-03-29 12:35:55] ✔ Шаг 'Лиды: шаг 1/4 — выгрузка лидов из amoCRM' успешно выполнен за 60.5 c
[2026-03-29 12:35:55] JSON 'add_leads_crm.json': найдено лидов = 8022
[2026-03-29 12:35:55] === START: Лиды: шаг 2/4 — добавление client_id/client_slug в JSON ===
[2026-03-29 12:35:55] Команда: scripts/add_client_id.py --client-slug artroyal_detailing --in /Users/kulsinbai/PycharmProjects/analytics/analytics-etl/var/data/artroyal_detailing/add_leads_crm.json --out /Users/kulsinbai/PycharmProjects/analytics/analytics-etl/var/data/artroyal_detailing/add_leads_crm_with_client.json
[2026-03-29 12:35:56] [stdout] OK. Файл сохранён: /Users/kulsinbai/PycharmProjects/analytics/analytics-etl/var/data/artroyal_detailing/add_leads_crm_with_client.json
[2026-03-29 12:35:56] [stdout] client_id = 1 | client_slug = artroyal_detailing
[2026-03-29 12:35:56] [stdout] Записей обработано: 8022
[2026-03-29 12:35:56] ✔ Шаг 'Лиды: шаг 2/4 — добавление client_id/client_slug в JSON' успешно выполнен за 0.4 c
[2026-03-29 12:35:56] JSON 'add_leads_crm_with_client.json': найдено лидов = 8022
[2026-03-29 12:35:56] === START: Лиды: шаг 3/4 — преобразование JSON в плоский CSV для отчётности ===
[2026-03-29 12:35:56] Команда: scripts/leads_json_to_datalens_csv.py --client-slug artroyal_detailing --in /Users/kulsinbai/PycharmProjects/analytics/analytics-etl/var/data/artroyal_detailing/add_leads_crm_with_client.json --out /Users/kulsinbai/PycharmProjects/analytics/analytics-etl/var/data/artroyal_detailing/add_leads_crm_flat_datalens.csv
[2026-03-29 12:35:56] [stdout] Готово. CSV сохранён: /Users/kulsinbai/PycharmProjects/analytics/analytics-etl/var/data/artroyal_detailing/add_leads_crm_flat_datalens.csv
[2026-03-29 12:35:56] [stdout] Лидов выгружено: 8022
[2026-03-29 12:35:56] ✔ Шаг 'Лиды: шаг 3/4 — преобразование JSON в плоский CSV для отчётности' успешно выполнен за 0.4 c
[2026-03-29 12:35:56] CSV 'add_leads_crm_flat_datalens.csv': строк данных (без заголовка) = 8022
[2026-03-29 12:35:56] === START: Лиды: шаг 4/4 — загрузка CSV в ClickHouse ===
[2026-03-29 12:35:56] Команда: scripts/load_leads_csv_to_clickhouse.py --client-slug artroyal_detailing --csv-path /Users/kulsinbai/PycharmProjects/analytics/analytics-etl/var/data/artroyal_detailing/add_leads_crm_flat_datalens.csv
[2026-03-29 12:35:57] [stderr] Traceback (most recent call last):
[2026-03-29 12:35:57] [stderr]   File "/Users/kulsinbai/PycharmProjects/analytics/analytics-etl/scripts/load_leads_csv_to_clickhouse.py", line 243, in <module>
[2026-03-29 12:35:57] [stderr]     main()
[2026-03-29 12:35:57] [stderr]     ~~~~^^
[2026-03-29 12:35:57] [stderr]   File "/Users/kulsinbai/PycharmProjects/analytics/analytics-etl/scripts/load_leads_csv_to_clickhouse.py", line 159, in main
[2026-03-29 12:35:57] [stderr]     client, db = _clickhouse_client()
[2026-03-29 12:35:57] [stderr]                  ~~~~~~~~~~~~~~~~~~^^
[2026-03-29 12:35:57] [stderr]   File "/Users/kulsinbai/PycharmProjects/analytics/analytics-etl/scripts/load_leads_csv_to_clickhouse.py", line 94, in _clickhouse_client
[2026-03-29 12:35:57] [stderr]     host = _env_required("CLICKHOUSE_HOST")
[2026-03-29 12:35:57] [stderr]   File "/Users/kulsinbai/PycharmProjects/analytics/analytics-etl/scripts/load_leads_csv_to_clickhouse.py", line 89, in _env_required
[2026-03-29 12:35:57] [stderr]     raise ValueError(f"Не задан env {name} (обязателен).")
[2026-03-29 12:35:57] [stderr] ValueError: Не задан env CLICKHOUSE_HOST (обязателен).
[2026-03-29 12:35:57] ✖ Шаг 'Лиды: шаг 4/4 — загрузка CSV в ClickHouse' завершился с ошибкой, код=1, время=0.5 c
[2026-03-29 12:35:57] ✖ Пайплайн завершился с ошибкой: Step failed: Лиды: шаг 4/4 — загрузка CSV в ClickHouse
[2026-03-29 12:35:57] Итоговое время выполнения (c ошибкой): 61.9 c
